<?xml version="1.0" encoding="UTF-8"?>
<robot generated="20140311 14:33:47.393" generator="Robot 2.8.4 (Python 2.7.6 on win32)">
<suite source="C:\Medullan Projects\Robot\robot_myblue_mobile_testing\tests\login" id="s1" name="Login">
<suite source="C:\Medullan Projects\Robot\robot_myblue_mobile_testing\tests\login\login_test.txt" id="s1-s1" name="Login Test">
<test id="s1-s1-t1" name="Login">
<kw type="kw" name="Open Browser http://localhost:8001/login chrome">
<doc></doc>
<arguments>
</arguments>
<msg timestamp="20140311 14:33:47.446" level="FAIL">No keyword with name 'Open Browser http://localhost:8001/login chrome' found.</msg>
<status status="FAIL" endtime="20140311 14:33:47.446" starttime="20140311 14:33:47.446"></status>
</kw>
<doc></doc>
<tags>
</tags>
<status status="FAIL" endtime="20140311 14:33:47.446" critical="yes" starttime="20140311 14:33:47.445">No keyword with name 'Open Browser http://localhost:8001/login chrome' found.</status>
</test>
<doc></doc>
<metadata>
</metadata>
<status status="FAIL" endtime="20140311 14:33:47.449" starttime="20140311 14:33:47.434"></status>
</suite>
<doc></doc>
<metadata>
</metadata>
<status status="FAIL" endtime="20140311 14:33:47.452" starttime="20140311 14:33:47.394"></status>
</suite>
<statistics>
<total>
<stat fail="1" pass="0">Critical Tests</stat>
<stat fail="1" pass="0">All Tests</stat>
</total>
<tag>
</tag>
<suite>
<stat fail="1" pass="0" id="s1" name="Login">Login</stat>
<stat fail="1" pass="0" id="s1-s1" name="Login Test">Login.Login Test</stat>
</suite>
</statistics>
<errors>
<msg timestamp="20140311 14:33:47.440" level="ERROR">Error in file 'C:\Medullan Projects\Robot\robot_myblue_mobile_testing\tests\login\login_test.txt': Importing test library 'Selenium2Library' failed: ImportError: No module named Selenium2Library
Traceback (most recent call last):
  None
PYTHONPATH:
  C:\Python27\lib\site-packages\robot\libraries
  C:\Python27\lib\site-packages
  C:\Python27\lib\site-packages\robotframework_ride-1.3-py2.7-win-amd64.egg
  C:\Python27\lib\site-packages\pygments-1.6-py2.7.egg
  C:\Windows\system32\python27.zip
  C:\Python27\DLLs
  C:\Python27\lib
  C:\Python27\lib\plat-win
  C:\Python27\lib\lib-tk
  C:\Python27
  C:\Python27\lib\site-packages\wx-2.8-msw-unicode
  .
  C:\Medullan Projects\Robot\robot_myblue_mobile_testing\tests</msg>
</errors>
</robot>
